shift/reduce conflict in state 39 resolved as shift.
shift/reduce conflict in state 92 resolved as shift.


Unused terminals:


Grammar

Rule 1     mainstart -> TYPEINT MAIN LPAREN RPAREN LCURLY code RCURLY
Rule 2     code -> cinsomething code
Rule 3     code -> coutsomething code
Rule 4     code -> assignment code
Rule 5     code -> ifstart code
Rule 6     code -> whilestart code
Rule 7     whilestart -> WHILE LPAREN expressionBool RPAREN LCURLY code RCURLY
Rule 8     ifstart -> IF LPAREN expressionBool RPAREN LCURLY code RCURLY elseIfstart
Rule 9     elseIfstart -> ELSEIF LPAREN expressionBool RPAREN LCURLY code RCURLY elseIfstart
Rule 10    elseIfstart -> elsestart
Rule 11    elsestart -> ELSE LCURLY code RCURLY
Rule 12    elsestart -> <empty>
Rule 13    code -> <empty>
Rule 14    cinsomething -> CIN cinContinue
Rule 15    cinContinue -> DRA NAME cinContinue
Rule 16    cinContinue -> SEMICOLON
Rule 17    coutsomething -> COUT printable
Rule 18    printable -> DLA expression printable
Rule 19    printable -> DLA expressionBool printable
Rule 20    printable -> DLA expressionStr printable
Rule 21    printable -> DLA NAME printable
Rule 22    printable -> DLA ENDL SEMICOLON
Rule 23    assignment -> NAME EQUALS expression SEMICOLON
Rule 24    assignment -> NAME EQUALS expressionStr SEMICOLON
Rule 25    assignment -> NAME EQUALS expressionBool SEMICOLON
Rule 26    assignment -> TYPEINT NAME EQUALS expression SEMICOLON
Rule 27    assignment -> TYPESTRING NAME EQUALS expressionStr SEMICOLON
Rule 28    assignment -> TYPEBOOL NAME EQUALS expressionBool SEMICOLON
Rule 29    assignment -> TYPEINT NAME SEMICOLON
Rule 30    assignment -> TYPESTRING NAME SEMICOLON
Rule 31    assignment -> TYPEBOOL NAME SEMICOLON
Rule 32    expression -> expression PLUS expression
Rule 33    expression -> expression MINUS expression
Rule 34    expression -> expression TIMES expression
Rule 35    expression -> expression DIVIDE expression
Rule 36    expression -> NUMBER
Rule 37    expression -> NAME
Rule 38    expressionStr -> STRING
Rule 39    expressionBool -> BOOL
Rule 40    expression -> LPAREN expression RPAREN
Rule 41    expressionStr -> LPAREN expressionStr RPAREN
Rule 42    expressionStr -> expressionStr PLUS expressionStr
Rule 43    expressionBool -> expression BINARY expression
Rule 44    expressionBool -> expressionBool ANDOR expressionBool
Rule 45    expressionBool -> LPAREN expressionBool RPAREN
Rule 46    expression -> MINUS expression

Terminals, with rules where they appear

ANDOR                : 44
BINARY               : 43
BOOL                 : 39
CIN                  : 14
COUT                 : 17
DIVIDE               : 35
DLA                  : 18 19 20 21 22
DRA                  : 15
ELSE                 : 11
ELSEIF               : 9
ENDL                 : 22
EQUALS               : 23 24 25 26 27 28
IF                   : 8
LCURLY               : 1 7 8 9 11
LPAREN               : 1 7 8 9 40 41 45
MAIN                 : 1
MINUS                : 33 46
NAME                 : 15 21 23 24 25 26 27 28 29 30 31 37
NUMBER               : 36
PLUS                 : 32 42
RCURLY               : 1 7 8 9 11
RPAREN               : 1 7 8 9 40 41 45
SEMICOLON            : 16 22 23 24 25 26 27 28 29 30 31
STRING               : 38
TIMES                : 34
TYPEBOOL             : 28 31
TYPEINT              : 1 26 29
TYPESTRING           : 27 30
WHILE                : 7
error                : 

Nonterminals, with rules where they appear

assignment           : 4
cinContinue          : 14 15
cinsomething         : 2
code                 : 1 2 3 4 5 6 7 8 9 11
coutsomething        : 3
elseIfstart          : 8 9
elsestart            : 10
expression           : 18 23 26 32 32 33 33 34 34 35 35 40 43 43 46
expressionBool       : 7 8 9 19 25 28 44 44 45
expressionStr        : 20 24 27 41 42 42
ifstart              : 5
mainstart            : 0
printable            : 17 18 19 20 21
whilestart           : 6


Parsing method: SLR


state 0

    (0) S' -> . mainstart
    (1) mainstart -> . TYPEINT MAIN LPAREN RPAREN LCURLY code RCURLY

    TYPEINT         shift and go to state 1


    mainstart                      shift and go to state 2

state 1

    (1) mainstart -> TYPEINT . MAIN LPAREN RPAREN LCURLY code RCURLY

    MAIN            shift and go to state 3



state 2

    (0) S' -> mainstart .




state 3

    (1) mainstart -> TYPEINT MAIN . LPAREN RPAREN LCURLY code RCURLY

    LPAREN          shift and go to state 4



state 4

    (1) mainstart -> TYPEINT MAIN LPAREN . RPAREN LCURLY code RCURLY

    RPAREN          shift and go to state 5



state 5

    (1) mainstart -> TYPEINT MAIN LPAREN RPAREN . LCURLY code RCURLY

    LCURLY          shift and go to state 6



state 6

    (1) mainstart -> TYPEINT MAIN LPAREN RPAREN LCURLY . code RCURLY
    (2) code -> . cinsomething code
    (3) code -> . coutsomething code
    (4) code -> . assignment code
    (5) code -> . ifstart code
    (6) code -> . whilestart code
    (13) code -> .
    (14) cinsomething -> . CIN cinContinue
    (17) coutsomething -> . COUT printable
    (23) assignment -> . NAME EQUALS expression SEMICOLON
    (24) assignment -> . NAME EQUALS expressionStr SEMICOLON
    (25) assignment -> . NAME EQUALS expressionBool SEMICOLON
    (26) assignment -> . TYPEINT NAME EQUALS expression SEMICOLON
    (27) assignment -> . TYPESTRING NAME EQUALS expressionStr SEMICOLON
    (28) assignment -> . TYPEBOOL NAME EQUALS expressionBool SEMICOLON
    (29) assignment -> . TYPEINT NAME SEMICOLON
    (30) assignment -> . TYPESTRING NAME SEMICOLON
    (31) assignment -> . TYPEBOOL NAME SEMICOLON
    (8) ifstart -> . IF LPAREN expressionBool RPAREN LCURLY code RCURLY elseIfstart
    (7) whilestart -> . WHILE LPAREN expressionBool RPAREN LCURLY code RCURLY

    RCURLY          reduce using rule 13 (code -> .)
    CIN             shift and go to state 10
    COUT            shift and go to state 9
    NAME            shift and go to state 19
    TYPEINT         shift and go to state 17
    TYPESTRING      shift and go to state 16
    TYPEBOOL        shift and go to state 12
    IF              shift and go to state 18
    WHILE           shift and go to state 13


    coutsomething                  shift and go to state 7
    code                           shift and go to state 8
    ifstart                        shift and go to state 14
    assignment                     shift and go to state 15
    whilestart                     shift and go to state 11
    cinsomething                   shift and go to state 20

state 7

    (3) code -> coutsomething . code
    (2) code -> . cinsomething code
    (3) code -> . coutsomething code
    (4) code -> . assignment code
    (5) code -> . ifstart code
    (6) code -> . whilestart code
    (13) code -> .
    (14) cinsomething -> . CIN cinContinue
    (17) coutsomething -> . COUT printable
    (23) assignment -> . NAME EQUALS expression SEMICOLON
    (24) assignment -> . NAME EQUALS expressionStr SEMICOLON
    (25) assignment -> . NAME EQUALS expressionBool SEMICOLON
    (26) assignment -> . TYPEINT NAME EQUALS expression SEMICOLON
    (27) assignment -> . TYPESTRING NAME EQUALS expressionStr SEMICOLON
    (28) assignment -> . TYPEBOOL NAME EQUALS expressionBool SEMICOLON
    (29) assignment -> . TYPEINT NAME SEMICOLON
    (30) assignment -> . TYPESTRING NAME SEMICOLON
    (31) assignment -> . TYPEBOOL NAME SEMICOLON
    (8) ifstart -> . IF LPAREN expressionBool RPAREN LCURLY code RCURLY elseIfstart
    (7) whilestart -> . WHILE LPAREN expressionBool RPAREN LCURLY code RCURLY

    RCURLY          reduce using rule 13 (code -> .)
    CIN             shift and go to state 10
    COUT            shift and go to state 9
    NAME            shift and go to state 19
    TYPEINT         shift and go to state 17
    TYPESTRING      shift and go to state 16
    TYPEBOOL        shift and go to state 12
    IF              shift and go to state 18
    WHILE           shift and go to state 13


    coutsomething                  shift and go to state 7
    code                           shift and go to state 21
    ifstart                        shift and go to state 14
    assignment                     shift and go to state 15
    whilestart                     shift and go to state 11
    cinsomething                   shift and go to state 20

state 8

    (1) mainstart -> TYPEINT MAIN LPAREN RPAREN LCURLY code . RCURLY

    RCURLY          shift and go to state 22



state 9

    (17) coutsomething -> COUT . printable
    (18) printable -> . DLA expression printable
    (19) printable -> . DLA expressionBool printable
    (20) printable -> . DLA expressionStr printable
    (21) printable -> . DLA NAME printable
    (22) printable -> . DLA ENDL SEMICOLON

    DLA             shift and go to state 23


    printable                      shift and go to state 24

state 10

    (14) cinsomething -> CIN . cinContinue
    (15) cinContinue -> . DRA NAME cinContinue
    (16) cinContinue -> . SEMICOLON

    DRA             shift and go to state 25
    SEMICOLON       shift and go to state 27


    cinContinue                    shift and go to state 26

state 11

    (6) code -> whilestart . code
    (2) code -> . cinsomething code
    (3) code -> . coutsomething code
    (4) code -> . assignment code
    (5) code -> . ifstart code
    (6) code -> . whilestart code
    (13) code -> .
    (14) cinsomething -> . CIN cinContinue
    (17) coutsomething -> . COUT printable
    (23) assignment -> . NAME EQUALS expression SEMICOLON
    (24) assignment -> . NAME EQUALS expressionStr SEMICOLON
    (25) assignment -> . NAME EQUALS expressionBool SEMICOLON
    (26) assignment -> . TYPEINT NAME EQUALS expression SEMICOLON
    (27) assignment -> . TYPESTRING NAME EQUALS expressionStr SEMICOLON
    (28) assignment -> . TYPEBOOL NAME EQUALS expressionBool SEMICOLON
    (29) assignment -> . TYPEINT NAME SEMICOLON
    (30) assignment -> . TYPESTRING NAME SEMICOLON
    (31) assignment -> . TYPEBOOL NAME SEMICOLON
    (8) ifstart -> . IF LPAREN expressionBool RPAREN LCURLY code RCURLY elseIfstart
    (7) whilestart -> . WHILE LPAREN expressionBool RPAREN LCURLY code RCURLY

    RCURLY          reduce using rule 13 (code -> .)
    CIN             shift and go to state 10
    COUT            shift and go to state 9
    NAME            shift and go to state 19
    TYPEINT         shift and go to state 17
    TYPESTRING      shift and go to state 16
    TYPEBOOL        shift and go to state 12
    IF              shift and go to state 18
    WHILE           shift and go to state 13


    coutsomething                  shift and go to state 7
    code                           shift and go to state 28
    ifstart                        shift and go to state 14
    assignment                     shift and go to state 15
    whilestart                     shift and go to state 11
    cinsomething                   shift and go to state 20

state 12

    (28) assignment -> TYPEBOOL . NAME EQUALS expressionBool SEMICOLON
    (31) assignment -> TYPEBOOL . NAME SEMICOLON

    NAME            shift and go to state 29



state 13

    (7) whilestart -> WHILE . LPAREN expressionBool RPAREN LCURLY code RCURLY

    LPAREN          shift and go to state 30



state 14

    (5) code -> ifstart . code
    (2) code -> . cinsomething code
    (3) code -> . coutsomething code
    (4) code -> . assignment code
    (5) code -> . ifstart code
    (6) code -> . whilestart code
    (13) code -> .
    (14) cinsomething -> . CIN cinContinue
    (17) coutsomething -> . COUT printable
    (23) assignment -> . NAME EQUALS expression SEMICOLON
    (24) assignment -> . NAME EQUALS expressionStr SEMICOLON
    (25) assignment -> . NAME EQUALS expressionBool SEMICOLON
    (26) assignment -> . TYPEINT NAME EQUALS expression SEMICOLON
    (27) assignment -> . TYPESTRING NAME EQUALS expressionStr SEMICOLON
    (28) assignment -> . TYPEBOOL NAME EQUALS expressionBool SEMICOLON
    (29) assignment -> . TYPEINT NAME SEMICOLON
    (30) assignment -> . TYPESTRING NAME SEMICOLON
    (31) assignment -> . TYPEBOOL NAME SEMICOLON
    (8) ifstart -> . IF LPAREN expressionBool RPAREN LCURLY code RCURLY elseIfstart
    (7) whilestart -> . WHILE LPAREN expressionBool RPAREN LCURLY code RCURLY

    RCURLY          reduce using rule 13 (code -> .)
    CIN             shift and go to state 10
    COUT            shift and go to state 9
    NAME            shift and go to state 19
    TYPEINT         shift and go to state 17
    TYPESTRING      shift and go to state 16
    TYPEBOOL        shift and go to state 12
    IF              shift and go to state 18
    WHILE           shift and go to state 13


    coutsomething                  shift and go to state 7
    code                           shift and go to state 31
    ifstart                        shift and go to state 14
    assignment                     shift and go to state 15
    whilestart                     shift and go to state 11
    cinsomething                   shift and go to state 20

state 15

    (4) code -> assignment . code
    (2) code -> . cinsomething code
    (3) code -> . coutsomething code
    (4) code -> . assignment code
    (5) code -> . ifstart code
    (6) code -> . whilestart code
    (13) code -> .
    (14) cinsomething -> . CIN cinContinue
    (17) coutsomething -> . COUT printable
    (23) assignment -> . NAME EQUALS expression SEMICOLON
    (24) assignment -> . NAME EQUALS expressionStr SEMICOLON
    (25) assignment -> . NAME EQUALS expressionBool SEMICOLON
    (26) assignment -> . TYPEINT NAME EQUALS expression SEMICOLON
    (27) assignment -> . TYPESTRING NAME EQUALS expressionStr SEMICOLON
    (28) assignment -> . TYPEBOOL NAME EQUALS expressionBool SEMICOLON
    (29) assignment -> . TYPEINT NAME SEMICOLON
    (30) assignment -> . TYPESTRING NAME SEMICOLON
    (31) assignment -> . TYPEBOOL NAME SEMICOLON
    (8) ifstart -> . IF LPAREN expressionBool RPAREN LCURLY code RCURLY elseIfstart
    (7) whilestart -> . WHILE LPAREN expressionBool RPAREN LCURLY code RCURLY

    RCURLY          reduce using rule 13 (code -> .)
    CIN             shift and go to state 10
    COUT            shift and go to state 9
    NAME            shift and go to state 19
    TYPEINT         shift and go to state 17
    TYPESTRING      shift and go to state 16
    TYPEBOOL        shift and go to state 12
    IF              shift and go to state 18
    WHILE           shift and go to state 13


    coutsomething                  shift and go to state 7
    code                           shift and go to state 32
    ifstart                        shift and go to state 14
    assignment                     shift and go to state 15
    whilestart                     shift and go to state 11
    cinsomething                   shift and go to state 20

state 16

    (27) assignment -> TYPESTRING . NAME EQUALS expressionStr SEMICOLON
    (30) assignment -> TYPESTRING . NAME SEMICOLON

    NAME            shift and go to state 33



state 17

    (26) assignment -> TYPEINT . NAME EQUALS expression SEMICOLON
    (29) assignment -> TYPEINT . NAME SEMICOLON

    NAME            shift and go to state 34



state 18

    (8) ifstart -> IF . LPAREN expressionBool RPAREN LCURLY code RCURLY elseIfstart

    LPAREN          shift and go to state 35



state 19

    (23) assignment -> NAME . EQUALS expression SEMICOLON
    (24) assignment -> NAME . EQUALS expressionStr SEMICOLON
    (25) assignment -> NAME . EQUALS expressionBool SEMICOLON

    EQUALS          shift and go to state 36



state 20

    (2) code -> cinsomething . code
    (2) code -> . cinsomething code
    (3) code -> . coutsomething code
    (4) code -> . assignment code
    (5) code -> . ifstart code
    (6) code -> . whilestart code
    (13) code -> .
    (14) cinsomething -> . CIN cinContinue
    (17) coutsomething -> . COUT printable
    (23) assignment -> . NAME EQUALS expression SEMICOLON
    (24) assignment -> . NAME EQUALS expressionStr SEMICOLON
    (25) assignment -> . NAME EQUALS expressionBool SEMICOLON
    (26) assignment -> . TYPEINT NAME EQUALS expression SEMICOLON
    (27) assignment -> . TYPESTRING NAME EQUALS expressionStr SEMICOLON
    (28) assignment -> . TYPEBOOL NAME EQUALS expressionBool SEMICOLON
    (29) assignment -> . TYPEINT NAME SEMICOLON
    (30) assignment -> . TYPESTRING NAME SEMICOLON
    (31) assignment -> . TYPEBOOL NAME SEMICOLON
    (8) ifstart -> . IF LPAREN expressionBool RPAREN LCURLY code RCURLY elseIfstart
    (7) whilestart -> . WHILE LPAREN expressionBool RPAREN LCURLY code RCURLY

    RCURLY          reduce using rule 13 (code -> .)
    CIN             shift and go to state 10
    COUT            shift and go to state 9
    NAME            shift and go to state 19
    TYPEINT         shift and go to state 17
    TYPESTRING      shift and go to state 16
    TYPEBOOL        shift and go to state 12
    IF              shift and go to state 18
    WHILE           shift and go to state 13


    coutsomething                  shift and go to state 7
    code                           shift and go to state 37
    ifstart                        shift and go to state 14
    assignment                     shift and go to state 15
    whilestart                     shift and go to state 11
    cinsomething                   shift and go to state 20

state 21

    (3) code -> coutsomething code .

    RCURLY          reduce using rule 3 (code -> coutsomething code .)



state 22

    (1) mainstart -> TYPEINT MAIN LPAREN RPAREN LCURLY code RCURLY .

    $               reduce using rule 1 (mainstart -> TYPEINT MAIN LPAREN RPAREN LCURLY code RCURLY .)



state 23

    (18) printable -> DLA . expression printable
    (19) printable -> DLA . expressionBool printable
    (20) printable -> DLA . expressionStr printable
    (21) printable -> DLA . NAME printable
    (22) printable -> DLA . ENDL SEMICOLON
    (32) expression -> . expression PLUS expression
    (33) expression -> . expression MINUS expression
    (34) expression -> . expression TIMES expression
    (35) expression -> . expression DIVIDE expression
    (36) expression -> . NUMBER
    (37) expression -> . NAME
    (40) expression -> . LPAREN expression RPAREN
    (46) expression -> . MINUS expression
    (39) expressionBool -> . BOOL
    (43) expressionBool -> . expression BINARY expression
    (44) expressionBool -> . expressionBool ANDOR expressionBool
    (45) expressionBool -> . LPAREN expressionBool RPAREN
    (38) expressionStr -> . STRING
    (41) expressionStr -> . LPAREN expressionStr RPAREN
    (42) expressionStr -> . expressionStr PLUS expressionStr

    NAME            shift and go to state 39
    ENDL            shift and go to state 47
    NUMBER          shift and go to state 41
    LPAREN          shift and go to state 44
    MINUS           shift and go to state 42
    BOOL            shift and go to state 43
    STRING          shift and go to state 45


    expressionBool                 shift and go to state 38
    expressionStr                  shift and go to state 40
    expression                     shift and go to state 46

state 24

    (17) coutsomething -> COUT printable .

    COUT            reduce using rule 17 (coutsomething -> COUT printable .)
    CIN             reduce using rule 17 (coutsomething -> COUT printable .)
    NAME            reduce using rule 17 (coutsomething -> COUT printable .)
    TYPEINT         reduce using rule 17 (coutsomething -> COUT printable .)
    TYPESTRING      reduce using rule 17 (coutsomething -> COUT printable .)
    TYPEBOOL        reduce using rule 17 (coutsomething -> COUT printable .)
    IF              reduce using rule 17 (coutsomething -> COUT printable .)
    WHILE           reduce using rule 17 (coutsomething -> COUT printable .)
    RCURLY          reduce using rule 17 (coutsomething -> COUT printable .)



state 25

    (15) cinContinue -> DRA . NAME cinContinue

    NAME            shift and go to state 48



state 26

    (14) cinsomething -> CIN cinContinue .

    COUT            reduce using rule 14 (cinsomething -> CIN cinContinue .)
    CIN             reduce using rule 14 (cinsomething -> CIN cinContinue .)
    NAME            reduce using rule 14 (cinsomething -> CIN cinContinue .)
    TYPEINT         reduce using rule 14 (cinsomething -> CIN cinContinue .)
    TYPESTRING      reduce using rule 14 (cinsomething -> CIN cinContinue .)
    TYPEBOOL        reduce using rule 14 (cinsomething -> CIN cinContinue .)
    IF              reduce using rule 14 (cinsomething -> CIN cinContinue .)
    WHILE           reduce using rule 14 (cinsomething -> CIN cinContinue .)
    RCURLY          reduce using rule 14 (cinsomething -> CIN cinContinue .)



state 27

    (16) cinContinue -> SEMICOLON .

    COUT            reduce using rule 16 (cinContinue -> SEMICOLON .)
    CIN             reduce using rule 16 (cinContinue -> SEMICOLON .)
    NAME            reduce using rule 16 (cinContinue -> SEMICOLON .)
    TYPEINT         reduce using rule 16 (cinContinue -> SEMICOLON .)
    TYPESTRING      reduce using rule 16 (cinContinue -> SEMICOLON .)
    TYPEBOOL        reduce using rule 16 (cinContinue -> SEMICOLON .)
    IF              reduce using rule 16 (cinContinue -> SEMICOLON .)
    WHILE           reduce using rule 16 (cinContinue -> SEMICOLON .)
    RCURLY          reduce using rule 16 (cinContinue -> SEMICOLON .)



state 28

    (6) code -> whilestart code .

    RCURLY          reduce using rule 6 (code -> whilestart code .)



state 29

    (28) assignment -> TYPEBOOL NAME . EQUALS expressionBool SEMICOLON
    (31) assignment -> TYPEBOOL NAME . SEMICOLON

    EQUALS          shift and go to state 50
    SEMICOLON       shift and go to state 49



state 30

    (7) whilestart -> WHILE LPAREN . expressionBool RPAREN LCURLY code RCURLY
    (39) expressionBool -> . BOOL
    (43) expressionBool -> . expression BINARY expression
    (44) expressionBool -> . expressionBool ANDOR expressionBool
    (45) expressionBool -> . LPAREN expressionBool RPAREN
    (32) expression -> . expression PLUS expression
    (33) expression -> . expression MINUS expression
    (34) expression -> . expression TIMES expression
    (35) expression -> . expression DIVIDE expression
    (36) expression -> . NUMBER
    (37) expression -> . NAME
    (40) expression -> . LPAREN expression RPAREN
    (46) expression -> . MINUS expression

    BOOL            shift and go to state 43
    LPAREN          shift and go to state 52
    NUMBER          shift and go to state 41
    NAME            shift and go to state 51
    MINUS           shift and go to state 42


    expression                     shift and go to state 54
    expressionBool                 shift and go to state 53

state 31

    (5) code -> ifstart code .

    RCURLY          reduce using rule 5 (code -> ifstart code .)



state 32

    (4) code -> assignment code .

    RCURLY          reduce using rule 4 (code -> assignment code .)



state 33

    (27) assignment -> TYPESTRING NAME . EQUALS expressionStr SEMICOLON
    (30) assignment -> TYPESTRING NAME . SEMICOLON

    EQUALS          shift and go to state 56
    SEMICOLON       shift and go to state 55



state 34

    (26) assignment -> TYPEINT NAME . EQUALS expression SEMICOLON
    (29) assignment -> TYPEINT NAME . SEMICOLON

    EQUALS          shift and go to state 58
    SEMICOLON       shift and go to state 57



state 35

    (8) ifstart -> IF LPAREN . expressionBool RPAREN LCURLY code RCURLY elseIfstart
    (39) expressionBool -> . BOOL
    (43) expressionBool -> . expression BINARY expression
    (44) expressionBool -> . expressionBool ANDOR expressionBool
    (45) expressionBool -> . LPAREN expressionBool RPAREN
    (32) expression -> . expression PLUS expression
    (33) expression -> . expression MINUS expression
    (34) expression -> . expression TIMES expression
    (35) expression -> . expression DIVIDE expression
    (36) expression -> . NUMBER
    (37) expression -> . NAME
    (40) expression -> . LPAREN expression RPAREN
    (46) expression -> . MINUS expression

    BOOL            shift and go to state 43
    LPAREN          shift and go to state 52
    NUMBER          shift and go to state 41
    NAME            shift and go to state 51
    MINUS           shift and go to state 42


    expression                     shift and go to state 54
    expressionBool                 shift and go to state 59

state 36

    (23) assignment -> NAME EQUALS . expression SEMICOLON
    (24) assignment -> NAME EQUALS . expressionStr SEMICOLON
    (25) assignment -> NAME EQUALS . expressionBool SEMICOLON
    (32) expression -> . expression PLUS expression
    (33) expression -> . expression MINUS expression
    (34) expression -> . expression TIMES expression
    (35) expression -> . expression DIVIDE expression
    (36) expression -> . NUMBER
    (37) expression -> . NAME
    (40) expression -> . LPAREN expression RPAREN
    (46) expression -> . MINUS expression
    (38) expressionStr -> . STRING
    (41) expressionStr -> . LPAREN expressionStr RPAREN
    (42) expressionStr -> . expressionStr PLUS expressionStr
    (39) expressionBool -> . BOOL
    (43) expressionBool -> . expression BINARY expression
    (44) expressionBool -> . expressionBool ANDOR expressionBool
    (45) expressionBool -> . LPAREN expressionBool RPAREN

    NUMBER          shift and go to state 41
    NAME            shift and go to state 51
    LPAREN          shift and go to state 62
    MINUS           shift and go to state 42
    STRING          shift and go to state 45
    BOOL            shift and go to state 43


    expressionBool                 shift and go to state 60
    expressionStr                  shift and go to state 61
    expression                     shift and go to state 63

state 37

    (2) code -> cinsomething code .

    RCURLY          reduce using rule 2 (code -> cinsomething code .)



state 38

    (19) printable -> DLA expressionBool . printable
    (44) expressionBool -> expressionBool . ANDOR expressionBool
    (18) printable -> . DLA expression printable
    (19) printable -> . DLA expressionBool printable
    (20) printable -> . DLA expressionStr printable
    (21) printable -> . DLA NAME printable
    (22) printable -> . DLA ENDL SEMICOLON

    ANDOR           shift and go to state 64
    DLA             shift and go to state 23


    printable                      shift and go to state 65

state 39

    (21) printable -> DLA NAME . printable
    (37) expression -> NAME .
    (18) printable -> . DLA expression printable
    (19) printable -> . DLA expressionBool printable
    (20) printable -> . DLA expressionStr printable
    (21) printable -> . DLA NAME printable
    (22) printable -> . DLA ENDL SEMICOLON

  ! shift/reduce conflict for DLA resolved as shift.
    SEMICOLON       reduce using rule 37 (expression -> NAME .)
    PLUS            reduce using rule 37 (expression -> NAME .)
    MINUS           reduce using rule 37 (expression -> NAME .)
    TIMES           reduce using rule 37 (expression -> NAME .)
    DIVIDE          reduce using rule 37 (expression -> NAME .)
    RPAREN          reduce using rule 37 (expression -> NAME .)
    BINARY          reduce using rule 37 (expression -> NAME .)
    ANDOR           reduce using rule 37 (expression -> NAME .)
    DLA             shift and go to state 23

  ! DLA             [ reduce using rule 37 (expression -> NAME .) ]

    printable                      shift and go to state 66

state 40

    (20) printable -> DLA expressionStr . printable
    (42) expressionStr -> expressionStr . PLUS expressionStr
    (18) printable -> . DLA expression printable
    (19) printable -> . DLA expressionBool printable
    (20) printable -> . DLA expressionStr printable
    (21) printable -> . DLA NAME printable
    (22) printable -> . DLA ENDL SEMICOLON

    PLUS            shift and go to state 68
    DLA             shift and go to state 23


    printable                      shift and go to state 67

state 41

    (36) expression -> NUMBER .

    DLA             reduce using rule 36 (expression -> NUMBER .)
    SEMICOLON       reduce using rule 36 (expression -> NUMBER .)
    PLUS            reduce using rule 36 (expression -> NUMBER .)
    MINUS           reduce using rule 36 (expression -> NUMBER .)
    TIMES           reduce using rule 36 (expression -> NUMBER .)
    DIVIDE          reduce using rule 36 (expression -> NUMBER .)
    RPAREN          reduce using rule 36 (expression -> NUMBER .)
    BINARY          reduce using rule 36 (expression -> NUMBER .)
    ANDOR           reduce using rule 36 (expression -> NUMBER .)



state 42

    (46) expression -> MINUS . expression
    (32) expression -> . expression PLUS expression
    (33) expression -> . expression MINUS expression
    (34) expression -> . expression TIMES expression
    (35) expression -> . expression DIVIDE expression
    (36) expression -> . NUMBER
    (37) expression -> . NAME
    (40) expression -> . LPAREN expression RPAREN
    (46) expression -> . MINUS expression

    NUMBER          shift and go to state 41
    NAME            shift and go to state 51
    LPAREN          shift and go to state 69
    MINUS           shift and go to state 42


    expression                     shift and go to state 70

state 43

    (39) expressionBool -> BOOL .

    RPAREN          reduce using rule 39 (expressionBool -> BOOL .)
    DLA             reduce using rule 39 (expressionBool -> BOOL .)
    SEMICOLON       reduce using rule 39 (expressionBool -> BOOL .)
    ANDOR           reduce using rule 39 (expressionBool -> BOOL .)



state 44

    (40) expression -> LPAREN . expression RPAREN
    (45) expressionBool -> LPAREN . expressionBool RPAREN
    (41) expressionStr -> LPAREN . expressionStr RPAREN
    (32) expression -> . expression PLUS expression
    (33) expression -> . expression MINUS expression
    (34) expression -> . expression TIMES expression
    (35) expression -> . expression DIVIDE expression
    (36) expression -> . NUMBER
    (37) expression -> . NAME
    (40) expression -> . LPAREN expression RPAREN
    (46) expression -> . MINUS expression
    (39) expressionBool -> . BOOL
    (43) expressionBool -> . expression BINARY expression
    (44) expressionBool -> . expressionBool ANDOR expressionBool
    (45) expressionBool -> . LPAREN expressionBool RPAREN
    (38) expressionStr -> . STRING
    (41) expressionStr -> . LPAREN expressionStr RPAREN
    (42) expressionStr -> . expressionStr PLUS expressionStr

    NUMBER          shift and go to state 41
    NAME            shift and go to state 51
    LPAREN          shift and go to state 44
    MINUS           shift and go to state 42
    BOOL            shift and go to state 43
    STRING          shift and go to state 45


    expressionBool                 shift and go to state 72
    expressionStr                  shift and go to state 71
    expression                     shift and go to state 73

state 45

    (38) expressionStr -> STRING .

    DLA             reduce using rule 38 (expressionStr -> STRING .)
    SEMICOLON       reduce using rule 38 (expressionStr -> STRING .)
    RPAREN          reduce using rule 38 (expressionStr -> STRING .)
    PLUS            reduce using rule 38 (expressionStr -> STRING .)



state 46

    (18) printable -> DLA expression . printable
    (32) expression -> expression . PLUS expression
    (33) expression -> expression . MINUS expression
    (34) expression -> expression . TIMES expression
    (35) expression -> expression . DIVIDE expression
    (43) expressionBool -> expression . BINARY expression
    (18) printable -> . DLA expression printable
    (19) printable -> . DLA expressionBool printable
    (20) printable -> . DLA expressionStr printable
    (21) printable -> . DLA NAME printable
    (22) printable -> . DLA ENDL SEMICOLON

    PLUS            shift and go to state 78
    MINUS           shift and go to state 79
    TIMES           shift and go to state 77
    DIVIDE          shift and go to state 75
    BINARY          shift and go to state 74
    DLA             shift and go to state 23


    printable                      shift and go to state 76

state 47

    (22) printable -> DLA ENDL . SEMICOLON

    SEMICOLON       shift and go to state 80



state 48

    (15) cinContinue -> DRA NAME . cinContinue
    (15) cinContinue -> . DRA NAME cinContinue
    (16) cinContinue -> . SEMICOLON

    DRA             shift and go to state 25
    SEMICOLON       shift and go to state 27


    cinContinue                    shift and go to state 81

state 49

    (31) assignment -> TYPEBOOL NAME SEMICOLON .

    COUT            reduce using rule 31 (assignment -> TYPEBOOL NAME SEMICOLON .)
    CIN             reduce using rule 31 (assignment -> TYPEBOOL NAME SEMICOLON .)
    NAME            reduce using rule 31 (assignment -> TYPEBOOL NAME SEMICOLON .)
    TYPEINT         reduce using rule 31 (assignment -> TYPEBOOL NAME SEMICOLON .)
    TYPESTRING      reduce using rule 31 (assignment -> TYPEBOOL NAME SEMICOLON .)
    TYPEBOOL        reduce using rule 31 (assignment -> TYPEBOOL NAME SEMICOLON .)
    IF              reduce using rule 31 (assignment -> TYPEBOOL NAME SEMICOLON .)
    WHILE           reduce using rule 31 (assignment -> TYPEBOOL NAME SEMICOLON .)
    RCURLY          reduce using rule 31 (assignment -> TYPEBOOL NAME SEMICOLON .)



state 50

    (28) assignment -> TYPEBOOL NAME EQUALS . expressionBool SEMICOLON
    (39) expressionBool -> . BOOL
    (43) expressionBool -> . expression BINARY expression
    (44) expressionBool -> . expressionBool ANDOR expressionBool
    (45) expressionBool -> . LPAREN expressionBool RPAREN
    (32) expression -> . expression PLUS expression
    (33) expression -> . expression MINUS expression
    (34) expression -> . expression TIMES expression
    (35) expression -> . expression DIVIDE expression
    (36) expression -> . NUMBER
    (37) expression -> . NAME
    (40) expression -> . LPAREN expression RPAREN
    (46) expression -> . MINUS expression

    BOOL            shift and go to state 43
    LPAREN          shift and go to state 52
    NUMBER          shift and go to state 41
    NAME            shift and go to state 51
    MINUS           shift and go to state 42


    expression                     shift and go to state 54
    expressionBool                 shift and go to state 82

state 51

    (37) expression -> NAME .

    DLA             reduce using rule 37 (expression -> NAME .)
    SEMICOLON       reduce using rule 37 (expression -> NAME .)
    PLUS            reduce using rule 37 (expression -> NAME .)
    MINUS           reduce using rule 37 (expression -> NAME .)
    TIMES           reduce using rule 37 (expression -> NAME .)
    DIVIDE          reduce using rule 37 (expression -> NAME .)
    RPAREN          reduce using rule 37 (expression -> NAME .)
    BINARY          reduce using rule 37 (expression -> NAME .)
    ANDOR           reduce using rule 37 (expression -> NAME .)



state 52

    (45) expressionBool -> LPAREN . expressionBool RPAREN
    (40) expression -> LPAREN . expression RPAREN
    (39) expressionBool -> . BOOL
    (43) expressionBool -> . expression BINARY expression
    (44) expressionBool -> . expressionBool ANDOR expressionBool
    (45) expressionBool -> . LPAREN expressionBool RPAREN
    (32) expression -> . expression PLUS expression
    (33) expression -> . expression MINUS expression
    (34) expression -> . expression TIMES expression
    (35) expression -> . expression DIVIDE expression
    (36) expression -> . NUMBER
    (37) expression -> . NAME
    (40) expression -> . LPAREN expression RPAREN
    (46) expression -> . MINUS expression

    BOOL            shift and go to state 43
    LPAREN          shift and go to state 52
    NUMBER          shift and go to state 41
    NAME            shift and go to state 51
    MINUS           shift and go to state 42


    expression                     shift and go to state 83
    expressionBool                 shift and go to state 72

state 53

    (7) whilestart -> WHILE LPAREN expressionBool . RPAREN LCURLY code RCURLY
    (44) expressionBool -> expressionBool . ANDOR expressionBool

    RPAREN          shift and go to state 84
    ANDOR           shift and go to state 64



state 54

    (43) expressionBool -> expression . BINARY expression
    (32) expression -> expression . PLUS expression
    (33) expression -> expression . MINUS expression
    (34) expression -> expression . TIMES expression
    (35) expression -> expression . DIVIDE expression

    BINARY          shift and go to state 74
    PLUS            shift and go to state 78
    MINUS           shift and go to state 79
    TIMES           shift and go to state 77
    DIVIDE          shift and go to state 75



state 55

    (30) assignment -> TYPESTRING NAME SEMICOLON .

    COUT            reduce using rule 30 (assignment -> TYPESTRING NAME SEMICOLON .)
    CIN             reduce using rule 30 (assignment -> TYPESTRING NAME SEMICOLON .)
    NAME            reduce using rule 30 (assignment -> TYPESTRING NAME SEMICOLON .)
    TYPEINT         reduce using rule 30 (assignment -> TYPESTRING NAME SEMICOLON .)
    TYPESTRING      reduce using rule 30 (assignment -> TYPESTRING NAME SEMICOLON .)
    TYPEBOOL        reduce using rule 30 (assignment -> TYPESTRING NAME SEMICOLON .)
    IF              reduce using rule 30 (assignment -> TYPESTRING NAME SEMICOLON .)
    WHILE           reduce using rule 30 (assignment -> TYPESTRING NAME SEMICOLON .)
    RCURLY          reduce using rule 30 (assignment -> TYPESTRING NAME SEMICOLON .)



state 56

    (27) assignment -> TYPESTRING NAME EQUALS . expressionStr SEMICOLON
    (38) expressionStr -> . STRING
    (41) expressionStr -> . LPAREN expressionStr RPAREN
    (42) expressionStr -> . expressionStr PLUS expressionStr

    STRING          shift and go to state 45
    LPAREN          shift and go to state 86


    expressionStr                  shift and go to state 85

state 57

    (29) assignment -> TYPEINT NAME SEMICOLON .

    COUT            reduce using rule 29 (assignment -> TYPEINT NAME SEMICOLON .)
    CIN             reduce using rule 29 (assignment -> TYPEINT NAME SEMICOLON .)
    NAME            reduce using rule 29 (assignment -> TYPEINT NAME SEMICOLON .)
    TYPEINT         reduce using rule 29 (assignment -> TYPEINT NAME SEMICOLON .)
    TYPESTRING      reduce using rule 29 (assignment -> TYPEINT NAME SEMICOLON .)
    TYPEBOOL        reduce using rule 29 (assignment -> TYPEINT NAME SEMICOLON .)
    IF              reduce using rule 29 (assignment -> TYPEINT NAME SEMICOLON .)
    WHILE           reduce using rule 29 (assignment -> TYPEINT NAME SEMICOLON .)
    RCURLY          reduce using rule 29 (assignment -> TYPEINT NAME SEMICOLON .)



state 58

    (26) assignment -> TYPEINT NAME EQUALS . expression SEMICOLON
    (32) expression -> . expression PLUS expression
    (33) expression -> . expression MINUS expression
    (34) expression -> . expression TIMES expression
    (35) expression -> . expression DIVIDE expression
    (36) expression -> . NUMBER
    (37) expression -> . NAME
    (40) expression -> . LPAREN expression RPAREN
    (46) expression -> . MINUS expression

    NUMBER          shift and go to state 41
    NAME            shift and go to state 51
    LPAREN          shift and go to state 69
    MINUS           shift and go to state 42


    expression                     shift and go to state 87

state 59

    (8) ifstart -> IF LPAREN expressionBool . RPAREN LCURLY code RCURLY elseIfstart
    (44) expressionBool -> expressionBool . ANDOR expressionBool

    RPAREN          shift and go to state 88
    ANDOR           shift and go to state 64



state 60

    (25) assignment -> NAME EQUALS expressionBool . SEMICOLON
    (44) expressionBool -> expressionBool . ANDOR expressionBool

    SEMICOLON       shift and go to state 89
    ANDOR           shift and go to state 64



state 61

    (24) assignment -> NAME EQUALS expressionStr . SEMICOLON
    (42) expressionStr -> expressionStr . PLUS expressionStr

    SEMICOLON       shift and go to state 90
    PLUS            shift and go to state 68



state 62

    (40) expression -> LPAREN . expression RPAREN
    (41) expressionStr -> LPAREN . expressionStr RPAREN
    (45) expressionBool -> LPAREN . expressionBool RPAREN
    (32) expression -> . expression PLUS expression
    (33) expression -> . expression MINUS expression
    (34) expression -> . expression TIMES expression
    (35) expression -> . expression DIVIDE expression
    (36) expression -> . NUMBER
    (37) expression -> . NAME
    (40) expression -> . LPAREN expression RPAREN
    (46) expression -> . MINUS expression
    (38) expressionStr -> . STRING
    (41) expressionStr -> . LPAREN expressionStr RPAREN
    (42) expressionStr -> . expressionStr PLUS expressionStr
    (39) expressionBool -> . BOOL
    (43) expressionBool -> . expression BINARY expression
    (44) expressionBool -> . expressionBool ANDOR expressionBool
    (45) expressionBool -> . LPAREN expressionBool RPAREN

    NUMBER          shift and go to state 41
    NAME            shift and go to state 51
    LPAREN          shift and go to state 62
    MINUS           shift and go to state 42
    STRING          shift and go to state 45
    BOOL            shift and go to state 43


    expressionBool                 shift and go to state 72
    expressionStr                  shift and go to state 71
    expression                     shift and go to state 73

state 63

    (23) assignment -> NAME EQUALS expression . SEMICOLON
    (32) expression -> expression . PLUS expression
    (33) expression -> expression . MINUS expression
    (34) expression -> expression . TIMES expression
    (35) expression -> expression . DIVIDE expression
    (43) expressionBool -> expression . BINARY expression

    SEMICOLON       shift and go to state 91
    PLUS            shift and go to state 78
    MINUS           shift and go to state 79
    TIMES           shift and go to state 77
    DIVIDE          shift and go to state 75
    BINARY          shift and go to state 74



state 64

    (44) expressionBool -> expressionBool ANDOR . expressionBool
    (39) expressionBool -> . BOOL
    (43) expressionBool -> . expression BINARY expression
    (44) expressionBool -> . expressionBool ANDOR expressionBool
    (45) expressionBool -> . LPAREN expressionBool RPAREN
    (32) expression -> . expression PLUS expression
    (33) expression -> . expression MINUS expression
    (34) expression -> . expression TIMES expression
    (35) expression -> . expression DIVIDE expression
    (36) expression -> . NUMBER
    (37) expression -> . NAME
    (40) expression -> . LPAREN expression RPAREN
    (46) expression -> . MINUS expression

    BOOL            shift and go to state 43
    LPAREN          shift and go to state 52
    NUMBER          shift and go to state 41
    NAME            shift and go to state 51
    MINUS           shift and go to state 42


    expression                     shift and go to state 54
    expressionBool                 shift and go to state 92

state 65

    (19) printable -> DLA expressionBool printable .

    COUT            reduce using rule 19 (printable -> DLA expressionBool printable .)
    CIN             reduce using rule 19 (printable -> DLA expressionBool printable .)
    NAME            reduce using rule 19 (printable -> DLA expressionBool printable .)
    TYPEINT         reduce using rule 19 (printable -> DLA expressionBool printable .)
    TYPESTRING      reduce using rule 19 (printable -> DLA expressionBool printable .)
    TYPEBOOL        reduce using rule 19 (printable -> DLA expressionBool printable .)
    IF              reduce using rule 19 (printable -> DLA expressionBool printable .)
    WHILE           reduce using rule 19 (printable -> DLA expressionBool printable .)
    RCURLY          reduce using rule 19 (printable -> DLA expressionBool printable .)



state 66

    (21) printable -> DLA NAME printable .

    COUT            reduce using rule 21 (printable -> DLA NAME printable .)
    CIN             reduce using rule 21 (printable -> DLA NAME printable .)
    NAME            reduce using rule 21 (printable -> DLA NAME printable .)
    TYPEINT         reduce using rule 21 (printable -> DLA NAME printable .)
    TYPESTRING      reduce using rule 21 (printable -> DLA NAME printable .)
    TYPEBOOL        reduce using rule 21 (printable -> DLA NAME printable .)
    IF              reduce using rule 21 (printable -> DLA NAME printable .)
    WHILE           reduce using rule 21 (printable -> DLA NAME printable .)
    RCURLY          reduce using rule 21 (printable -> DLA NAME printable .)



state 67

    (20) printable -> DLA expressionStr printable .

    COUT            reduce using rule 20 (printable -> DLA expressionStr printable .)
    CIN             reduce using rule 20 (printable -> DLA expressionStr printable .)
    NAME            reduce using rule 20 (printable -> DLA expressionStr printable .)
    TYPEINT         reduce using rule 20 (printable -> DLA expressionStr printable .)
    TYPESTRING      reduce using rule 20 (printable -> DLA expressionStr printable .)
    TYPEBOOL        reduce using rule 20 (printable -> DLA expressionStr printable .)
    IF              reduce using rule 20 (printable -> DLA expressionStr printable .)
    WHILE           reduce using rule 20 (printable -> DLA expressionStr printable .)
    RCURLY          reduce using rule 20 (printable -> DLA expressionStr printable .)



state 68

    (42) expressionStr -> expressionStr PLUS . expressionStr
    (38) expressionStr -> . STRING
    (41) expressionStr -> . LPAREN expressionStr RPAREN
    (42) expressionStr -> . expressionStr PLUS expressionStr

    STRING          shift and go to state 45
    LPAREN          shift and go to state 86


    expressionStr                  shift and go to state 93

state 69

    (40) expression -> LPAREN . expression RPAREN
    (32) expression -> . expression PLUS expression
    (33) expression -> . expression MINUS expression
    (34) expression -> . expression TIMES expression
    (35) expression -> . expression DIVIDE expression
    (36) expression -> . NUMBER
    (37) expression -> . NAME
    (40) expression -> . LPAREN expression RPAREN
    (46) expression -> . MINUS expression

    NUMBER          shift and go to state 41
    NAME            shift and go to state 51
    LPAREN          shift and go to state 69
    MINUS           shift and go to state 42


    expression                     shift and go to state 94

state 70

    (46) expression -> MINUS expression .
    (32) expression -> expression . PLUS expression
    (33) expression -> expression . MINUS expression
    (34) expression -> expression . TIMES expression
    (35) expression -> expression . DIVIDE expression

    DLA             reduce using rule 46 (expression -> MINUS expression .)
    SEMICOLON       reduce using rule 46 (expression -> MINUS expression .)
    PLUS            reduce using rule 46 (expression -> MINUS expression .)
    MINUS           reduce using rule 46 (expression -> MINUS expression .)
    TIMES           reduce using rule 46 (expression -> MINUS expression .)
    DIVIDE          reduce using rule 46 (expression -> MINUS expression .)
    RPAREN          reduce using rule 46 (expression -> MINUS expression .)
    BINARY          reduce using rule 46 (expression -> MINUS expression .)
    ANDOR           reduce using rule 46 (expression -> MINUS expression .)

  ! PLUS            [ shift and go to state 78 ]
  ! MINUS           [ shift and go to state 79 ]
  ! TIMES           [ shift and go to state 77 ]
  ! DIVIDE          [ shift and go to state 75 ]


state 71

    (41) expressionStr -> LPAREN expressionStr . RPAREN
    (42) expressionStr -> expressionStr . PLUS expressionStr

    RPAREN          shift and go to state 95
    PLUS            shift and go to state 68



state 72

    (45) expressionBool -> LPAREN expressionBool . RPAREN
    (44) expressionBool -> expressionBool . ANDOR expressionBool

    RPAREN          shift and go to state 96
    ANDOR           shift and go to state 64



state 73

    (40) expression -> LPAREN expression . RPAREN
    (32) expression -> expression . PLUS expression
    (33) expression -> expression . MINUS expression
    (34) expression -> expression . TIMES expression
    (35) expression -> expression . DIVIDE expression
    (43) expressionBool -> expression . BINARY expression

    RPAREN          shift and go to state 97
    PLUS            shift and go to state 78
    MINUS           shift and go to state 79
    TIMES           shift and go to state 77
    DIVIDE          shift and go to state 75
    BINARY          shift and go to state 74



state 74

    (43) expressionBool -> expression BINARY . expression
    (32) expression -> . expression PLUS expression
    (33) expression -> . expression MINUS expression
    (34) expression -> . expression TIMES expression
    (35) expression -> . expression DIVIDE expression
    (36) expression -> . NUMBER
    (37) expression -> . NAME
    (40) expression -> . LPAREN expression RPAREN
    (46) expression -> . MINUS expression

    NUMBER          shift and go to state 41
    NAME            shift and go to state 51
    LPAREN          shift and go to state 69
    MINUS           shift and go to state 42


    expression                     shift and go to state 98

state 75

    (35) expression -> expression DIVIDE . expression
    (32) expression -> . expression PLUS expression
    (33) expression -> . expression MINUS expression
    (34) expression -> . expression TIMES expression
    (35) expression -> . expression DIVIDE expression
    (36) expression -> . NUMBER
    (37) expression -> . NAME
    (40) expression -> . LPAREN expression RPAREN
    (46) expression -> . MINUS expression

    NUMBER          shift and go to state 41
    NAME            shift and go to state 51
    LPAREN          shift and go to state 69
    MINUS           shift and go to state 42


    expression                     shift and go to state 99

state 76

    (18) printable -> DLA expression printable .

    COUT            reduce using rule 18 (printable -> DLA expression printable .)
    CIN             reduce using rule 18 (printable -> DLA expression printable .)
    NAME            reduce using rule 18 (printable -> DLA expression printable .)
    TYPEINT         reduce using rule 18 (printable -> DLA expression printable .)
    TYPESTRING      reduce using rule 18 (printable -> DLA expression printable .)
    TYPEBOOL        reduce using rule 18 (printable -> DLA expression printable .)
    IF              reduce using rule 18 (printable -> DLA expression printable .)
    WHILE           reduce using rule 18 (printable -> DLA expression printable .)
    RCURLY          reduce using rule 18 (printable -> DLA expression printable .)



state 77

    (34) expression -> expression TIMES . expression
    (32) expression -> . expression PLUS expression
    (33) expression -> . expression MINUS expression
    (34) expression -> . expression TIMES expression
    (35) expression -> . expression DIVIDE expression
    (36) expression -> . NUMBER
    (37) expression -> . NAME
    (40) expression -> . LPAREN expression RPAREN
    (46) expression -> . MINUS expression

    NUMBER          shift and go to state 41
    NAME            shift and go to state 51
    LPAREN          shift and go to state 69
    MINUS           shift and go to state 42


    expression                     shift and go to state 100

state 78

    (32) expression -> expression PLUS . expression
    (32) expression -> . expression PLUS expression
    (33) expression -> . expression MINUS expression
    (34) expression -> . expression TIMES expression
    (35) expression -> . expression DIVIDE expression
    (36) expression -> . NUMBER
    (37) expression -> . NAME
    (40) expression -> . LPAREN expression RPAREN
    (46) expression -> . MINUS expression

    NUMBER          shift and go to state 41
    NAME            shift and go to state 51
    LPAREN          shift and go to state 69
    MINUS           shift and go to state 42


    expression                     shift and go to state 101

state 79

    (33) expression -> expression MINUS . expression
    (32) expression -> . expression PLUS expression
    (33) expression -> . expression MINUS expression
    (34) expression -> . expression TIMES expression
    (35) expression -> . expression DIVIDE expression
    (36) expression -> . NUMBER
    (37) expression -> . NAME
    (40) expression -> . LPAREN expression RPAREN
    (46) expression -> . MINUS expression

    NUMBER          shift and go to state 41
    NAME            shift and go to state 51
    LPAREN          shift and go to state 69
    MINUS           shift and go to state 42


    expression                     shift and go to state 102

state 80

    (22) printable -> DLA ENDL SEMICOLON .

    COUT            reduce using rule 22 (printable -> DLA ENDL SEMICOLON .)
    CIN             reduce using rule 22 (printable -> DLA ENDL SEMICOLON .)
    NAME            reduce using rule 22 (printable -> DLA ENDL SEMICOLON .)
    TYPEINT         reduce using rule 22 (printable -> DLA ENDL SEMICOLON .)
    TYPESTRING      reduce using rule 22 (printable -> DLA ENDL SEMICOLON .)
    TYPEBOOL        reduce using rule 22 (printable -> DLA ENDL SEMICOLON .)
    IF              reduce using rule 22 (printable -> DLA ENDL SEMICOLON .)
    WHILE           reduce using rule 22 (printable -> DLA ENDL SEMICOLON .)
    RCURLY          reduce using rule 22 (printable -> DLA ENDL SEMICOLON .)



state 81

    (15) cinContinue -> DRA NAME cinContinue .

    COUT            reduce using rule 15 (cinContinue -> DRA NAME cinContinue .)
    CIN             reduce using rule 15 (cinContinue -> DRA NAME cinContinue .)
    NAME            reduce using rule 15 (cinContinue -> DRA NAME cinContinue .)
    TYPEINT         reduce using rule 15 (cinContinue -> DRA NAME cinContinue .)
    TYPESTRING      reduce using rule 15 (cinContinue -> DRA NAME cinContinue .)
    TYPEBOOL        reduce using rule 15 (cinContinue -> DRA NAME cinContinue .)
    IF              reduce using rule 15 (cinContinue -> DRA NAME cinContinue .)
    WHILE           reduce using rule 15 (cinContinue -> DRA NAME cinContinue .)
    RCURLY          reduce using rule 15 (cinContinue -> DRA NAME cinContinue .)



state 82

    (28) assignment -> TYPEBOOL NAME EQUALS expressionBool . SEMICOLON
    (44) expressionBool -> expressionBool . ANDOR expressionBool

    SEMICOLON       shift and go to state 103
    ANDOR           shift and go to state 64



state 83

    (40) expression -> LPAREN expression . RPAREN
    (43) expressionBool -> expression . BINARY expression
    (32) expression -> expression . PLUS expression
    (33) expression -> expression . MINUS expression
    (34) expression -> expression . TIMES expression
    (35) expression -> expression . DIVIDE expression

    RPAREN          shift and go to state 97
    BINARY          shift and go to state 74
    PLUS            shift and go to state 78
    MINUS           shift and go to state 79
    TIMES           shift and go to state 77
    DIVIDE          shift and go to state 75



state 84

    (7) whilestart -> WHILE LPAREN expressionBool RPAREN . LCURLY code RCURLY

    LCURLY          shift and go to state 104



state 85

    (27) assignment -> TYPESTRING NAME EQUALS expressionStr . SEMICOLON
    (42) expressionStr -> expressionStr . PLUS expressionStr

    SEMICOLON       shift and go to state 105
    PLUS            shift and go to state 68



state 86

    (41) expressionStr -> LPAREN . expressionStr RPAREN
    (38) expressionStr -> . STRING
    (41) expressionStr -> . LPAREN expressionStr RPAREN
    (42) expressionStr -> . expressionStr PLUS expressionStr

    STRING          shift and go to state 45
    LPAREN          shift and go to state 86


    expressionStr                  shift and go to state 71

state 87

    (26) assignment -> TYPEINT NAME EQUALS expression . SEMICOLON
    (32) expression -> expression . PLUS expression
    (33) expression -> expression . MINUS expression
    (34) expression -> expression . TIMES expression
    (35) expression -> expression . DIVIDE expression

    SEMICOLON       shift and go to state 106
    PLUS            shift and go to state 78
    MINUS           shift and go to state 79
    TIMES           shift and go to state 77
    DIVIDE          shift and go to state 75



state 88

    (8) ifstart -> IF LPAREN expressionBool RPAREN . LCURLY code RCURLY elseIfstart

    LCURLY          shift and go to state 107



state 89

    (25) assignment -> NAME EQUALS expressionBool SEMICOLON .

    COUT            reduce using rule 25 (assignment -> NAME EQUALS expressionBool SEMICOLON .)
    CIN             reduce using rule 25 (assignment -> NAME EQUALS expressionBool SEMICOLON .)
    NAME            reduce using rule 25 (assignment -> NAME EQUALS expressionBool SEMICOLON .)
    TYPEINT         reduce using rule 25 (assignment -> NAME EQUALS expressionBool SEMICOLON .)
    TYPESTRING      reduce using rule 25 (assignment -> NAME EQUALS expressionBool SEMICOLON .)
    TYPEBOOL        reduce using rule 25 (assignment -> NAME EQUALS expressionBool SEMICOLON .)
    IF              reduce using rule 25 (assignment -> NAME EQUALS expressionBool SEMICOLON .)
    WHILE           reduce using rule 25 (assignment -> NAME EQUALS expressionBool SEMICOLON .)
    RCURLY          reduce using rule 25 (assignment -> NAME EQUALS expressionBool SEMICOLON .)



state 90

    (24) assignment -> NAME EQUALS expressionStr SEMICOLON .

    COUT            reduce using rule 24 (assignment -> NAME EQUALS expressionStr SEMICOLON .)
    CIN             reduce using rule 24 (assignment -> NAME EQUALS expressionStr SEMICOLON .)
    NAME            reduce using rule 24 (assignment -> NAME EQUALS expressionStr SEMICOLON .)
    TYPEINT         reduce using rule 24 (assignment -> NAME EQUALS expressionStr SEMICOLON .)
    TYPESTRING      reduce using rule 24 (assignment -> NAME EQUALS expressionStr SEMICOLON .)
    TYPEBOOL        reduce using rule 24 (assignment -> NAME EQUALS expressionStr SEMICOLON .)
    IF              reduce using rule 24 (assignment -> NAME EQUALS expressionStr SEMICOLON .)
    WHILE           reduce using rule 24 (assignment -> NAME EQUALS expressionStr SEMICOLON .)
    RCURLY          reduce using rule 24 (assignment -> NAME EQUALS expressionStr SEMICOLON .)



state 91

    (23) assignment -> NAME EQUALS expression SEMICOLON .

    COUT            reduce using rule 23 (assignment -> NAME EQUALS expression SEMICOLON .)
    CIN             reduce using rule 23 (assignment -> NAME EQUALS expression SEMICOLON .)
    NAME            reduce using rule 23 (assignment -> NAME EQUALS expression SEMICOLON .)
    TYPEINT         reduce using rule 23 (assignment -> NAME EQUALS expression SEMICOLON .)
    TYPESTRING      reduce using rule 23 (assignment -> NAME EQUALS expression SEMICOLON .)
    TYPEBOOL        reduce using rule 23 (assignment -> NAME EQUALS expression SEMICOLON .)
    IF              reduce using rule 23 (assignment -> NAME EQUALS expression SEMICOLON .)
    WHILE           reduce using rule 23 (assignment -> NAME EQUALS expression SEMICOLON .)
    RCURLY          reduce using rule 23 (assignment -> NAME EQUALS expression SEMICOLON .)



state 92

    (44) expressionBool -> expressionBool ANDOR expressionBool .
    (44) expressionBool -> expressionBool . ANDOR expressionBool

  ! shift/reduce conflict for ANDOR resolved as shift.
    RPAREN          reduce using rule 44 (expressionBool -> expressionBool ANDOR expressionBool .)
    DLA             reduce using rule 44 (expressionBool -> expressionBool ANDOR expressionBool .)
    SEMICOLON       reduce using rule 44 (expressionBool -> expressionBool ANDOR expressionBool .)
    ANDOR           shift and go to state 64

  ! ANDOR           [ reduce using rule 44 (expressionBool -> expressionBool ANDOR expressionBool .) ]


state 93

    (42) expressionStr -> expressionStr PLUS expressionStr .
    (42) expressionStr -> expressionStr . PLUS expressionStr

    DLA             reduce using rule 42 (expressionStr -> expressionStr PLUS expressionStr .)
    SEMICOLON       reduce using rule 42 (expressionStr -> expressionStr PLUS expressionStr .)
    RPAREN          reduce using rule 42 (expressionStr -> expressionStr PLUS expressionStr .)
    PLUS            reduce using rule 42 (expressionStr -> expressionStr PLUS expressionStr .)

  ! PLUS            [ shift and go to state 68 ]


state 94

    (40) expression -> LPAREN expression . RPAREN
    (32) expression -> expression . PLUS expression
    (33) expression -> expression . MINUS expression
    (34) expression -> expression . TIMES expression
    (35) expression -> expression . DIVIDE expression

    RPAREN          shift and go to state 97
    PLUS            shift and go to state 78
    MINUS           shift and go to state 79
    TIMES           shift and go to state 77
    DIVIDE          shift and go to state 75



state 95

    (41) expressionStr -> LPAREN expressionStr RPAREN .

    DLA             reduce using rule 41 (expressionStr -> LPAREN expressionStr RPAREN .)
    SEMICOLON       reduce using rule 41 (expressionStr -> LPAREN expressionStr RPAREN .)
    RPAREN          reduce using rule 41 (expressionStr -> LPAREN expressionStr RPAREN .)
    PLUS            reduce using rule 41 (expressionStr -> LPAREN expressionStr RPAREN .)



state 96

    (45) expressionBool -> LPAREN expressionBool RPAREN .

    RPAREN          reduce using rule 45 (expressionBool -> LPAREN expressionBool RPAREN .)
    DLA             reduce using rule 45 (expressionBool -> LPAREN expressionBool RPAREN .)
    SEMICOLON       reduce using rule 45 (expressionBool -> LPAREN expressionBool RPAREN .)
    ANDOR           reduce using rule 45 (expressionBool -> LPAREN expressionBool RPAREN .)



state 97

    (40) expression -> LPAREN expression RPAREN .

    DLA             reduce using rule 40 (expression -> LPAREN expression RPAREN .)
    SEMICOLON       reduce using rule 40 (expression -> LPAREN expression RPAREN .)
    PLUS            reduce using rule 40 (expression -> LPAREN expression RPAREN .)
    MINUS           reduce using rule 40 (expression -> LPAREN expression RPAREN .)
    TIMES           reduce using rule 40 (expression -> LPAREN expression RPAREN .)
    DIVIDE          reduce using rule 40 (expression -> LPAREN expression RPAREN .)
    RPAREN          reduce using rule 40 (expression -> LPAREN expression RPAREN .)
    BINARY          reduce using rule 40 (expression -> LPAREN expression RPAREN .)
    ANDOR           reduce using rule 40 (expression -> LPAREN expression RPAREN .)



state 98

    (43) expressionBool -> expression BINARY expression .
    (32) expression -> expression . PLUS expression
    (33) expression -> expression . MINUS expression
    (34) expression -> expression . TIMES expression
    (35) expression -> expression . DIVIDE expression

    RPAREN          reduce using rule 43 (expressionBool -> expression BINARY expression .)
    DLA             reduce using rule 43 (expressionBool -> expression BINARY expression .)
    SEMICOLON       reduce using rule 43 (expressionBool -> expression BINARY expression .)
    ANDOR           reduce using rule 43 (expressionBool -> expression BINARY expression .)
    PLUS            shift and go to state 78
    MINUS           shift and go to state 79
    TIMES           shift and go to state 77
    DIVIDE          shift and go to state 75



state 99

    (35) expression -> expression DIVIDE expression .
    (32) expression -> expression . PLUS expression
    (33) expression -> expression . MINUS expression
    (34) expression -> expression . TIMES expression
    (35) expression -> expression . DIVIDE expression

    DLA             reduce using rule 35 (expression -> expression DIVIDE expression .)
    SEMICOLON       reduce using rule 35 (expression -> expression DIVIDE expression .)
    PLUS            reduce using rule 35 (expression -> expression DIVIDE expression .)
    MINUS           reduce using rule 35 (expression -> expression DIVIDE expression .)
    TIMES           reduce using rule 35 (expression -> expression DIVIDE expression .)
    DIVIDE          reduce using rule 35 (expression -> expression DIVIDE expression .)
    RPAREN          reduce using rule 35 (expression -> expression DIVIDE expression .)
    BINARY          reduce using rule 35 (expression -> expression DIVIDE expression .)
    ANDOR           reduce using rule 35 (expression -> expression DIVIDE expression .)

  ! PLUS            [ shift and go to state 78 ]
  ! MINUS           [ shift and go to state 79 ]
  ! TIMES           [ shift and go to state 77 ]
  ! DIVIDE          [ shift and go to state 75 ]


state 100

    (34) expression -> expression TIMES expression .
    (32) expression -> expression . PLUS expression
    (33) expression -> expression . MINUS expression
    (34) expression -> expression . TIMES expression
    (35) expression -> expression . DIVIDE expression

    DLA             reduce using rule 34 (expression -> expression TIMES expression .)
    SEMICOLON       reduce using rule 34 (expression -> expression TIMES expression .)
    PLUS            reduce using rule 34 (expression -> expression TIMES expression .)
    MINUS           reduce using rule 34 (expression -> expression TIMES expression .)
    TIMES           reduce using rule 34 (expression -> expression TIMES expression .)
    DIVIDE          reduce using rule 34 (expression -> expression TIMES expression .)
    RPAREN          reduce using rule 34 (expression -> expression TIMES expression .)
    BINARY          reduce using rule 34 (expression -> expression TIMES expression .)
    ANDOR           reduce using rule 34 (expression -> expression TIMES expression .)

  ! PLUS            [ shift and go to state 78 ]
  ! MINUS           [ shift and go to state 79 ]
  ! TIMES           [ shift and go to state 77 ]
  ! DIVIDE          [ shift and go to state 75 ]


state 101

    (32) expression -> expression PLUS expression .
    (32) expression -> expression . PLUS expression
    (33) expression -> expression . MINUS expression
    (34) expression -> expression . TIMES expression
    (35) expression -> expression . DIVIDE expression

    DLA             reduce using rule 32 (expression -> expression PLUS expression .)
    SEMICOLON       reduce using rule 32 (expression -> expression PLUS expression .)
    PLUS            reduce using rule 32 (expression -> expression PLUS expression .)
    MINUS           reduce using rule 32 (expression -> expression PLUS expression .)
    RPAREN          reduce using rule 32 (expression -> expression PLUS expression .)
    BINARY          reduce using rule 32 (expression -> expression PLUS expression .)
    ANDOR           reduce using rule 32 (expression -> expression PLUS expression .)
    TIMES           shift and go to state 77
    DIVIDE          shift and go to state 75

  ! TIMES           [ reduce using rule 32 (expression -> expression PLUS expression .) ]
  ! DIVIDE          [ reduce using rule 32 (expression -> expression PLUS expression .) ]
  ! PLUS            [ shift and go to state 78 ]
  ! MINUS           [ shift and go to state 79 ]


state 102

    (33) expression -> expression MINUS expression .
    (32) expression -> expression . PLUS expression
    (33) expression -> expression . MINUS expression
    (34) expression -> expression . TIMES expression
    (35) expression -> expression . DIVIDE expression

    DLA             reduce using rule 33 (expression -> expression MINUS expression .)
    SEMICOLON       reduce using rule 33 (expression -> expression MINUS expression .)
    PLUS            reduce using rule 33 (expression -> expression MINUS expression .)
    MINUS           reduce using rule 33 (expression -> expression MINUS expression .)
    RPAREN          reduce using rule 33 (expression -> expression MINUS expression .)
    BINARY          reduce using rule 33 (expression -> expression MINUS expression .)
    ANDOR           reduce using rule 33 (expression -> expression MINUS expression .)
    TIMES           shift and go to state 77
    DIVIDE          shift and go to state 75

  ! TIMES           [ reduce using rule 33 (expression -> expression MINUS expression .) ]
  ! DIVIDE          [ reduce using rule 33 (expression -> expression MINUS expression .) ]
  ! PLUS            [ shift and go to state 78 ]
  ! MINUS           [ shift and go to state 79 ]


state 103

    (28) assignment -> TYPEBOOL NAME EQUALS expressionBool SEMICOLON .

    COUT            reduce using rule 28 (assignment -> TYPEBOOL NAME EQUALS expressionBool SEMICOLON .)
    CIN             reduce using rule 28 (assignment -> TYPEBOOL NAME EQUALS expressionBool SEMICOLON .)
    NAME            reduce using rule 28 (assignment -> TYPEBOOL NAME EQUALS expressionBool SEMICOLON .)
    TYPEINT         reduce using rule 28 (assignment -> TYPEBOOL NAME EQUALS expressionBool SEMICOLON .)
    TYPESTRING      reduce using rule 28 (assignment -> TYPEBOOL NAME EQUALS expressionBool SEMICOLON .)
    TYPEBOOL        reduce using rule 28 (assignment -> TYPEBOOL NAME EQUALS expressionBool SEMICOLON .)
    IF              reduce using rule 28 (assignment -> TYPEBOOL NAME EQUALS expressionBool SEMICOLON .)
    WHILE           reduce using rule 28 (assignment -> TYPEBOOL NAME EQUALS expressionBool SEMICOLON .)
    RCURLY          reduce using rule 28 (assignment -> TYPEBOOL NAME EQUALS expressionBool SEMICOLON .)



state 104

    (7) whilestart -> WHILE LPAREN expressionBool RPAREN LCURLY . code RCURLY
    (2) code -> . cinsomething code
    (3) code -> . coutsomething code
    (4) code -> . assignment code
    (5) code -> . ifstart code
    (6) code -> . whilestart code
    (13) code -> .
    (14) cinsomething -> . CIN cinContinue
    (17) coutsomething -> . COUT printable
    (23) assignment -> . NAME EQUALS expression SEMICOLON
    (24) assignment -> . NAME EQUALS expressionStr SEMICOLON
    (25) assignment -> . NAME EQUALS expressionBool SEMICOLON
    (26) assignment -> . TYPEINT NAME EQUALS expression SEMICOLON
    (27) assignment -> . TYPESTRING NAME EQUALS expressionStr SEMICOLON
    (28) assignment -> . TYPEBOOL NAME EQUALS expressionBool SEMICOLON
    (29) assignment -> . TYPEINT NAME SEMICOLON
    (30) assignment -> . TYPESTRING NAME SEMICOLON
    (31) assignment -> . TYPEBOOL NAME SEMICOLON
    (8) ifstart -> . IF LPAREN expressionBool RPAREN LCURLY code RCURLY elseIfstart
    (7) whilestart -> . WHILE LPAREN expressionBool RPAREN LCURLY code RCURLY

    RCURLY          reduce using rule 13 (code -> .)
    CIN             shift and go to state 10
    COUT            shift and go to state 9
    NAME            shift and go to state 19
    TYPEINT         shift and go to state 17
    TYPESTRING      shift and go to state 16
    TYPEBOOL        shift and go to state 12
    IF              shift and go to state 18
    WHILE           shift and go to state 13


    coutsomething                  shift and go to state 7
    code                           shift and go to state 108
    ifstart                        shift and go to state 14
    assignment                     shift and go to state 15
    whilestart                     shift and go to state 11
    cinsomething                   shift and go to state 20

state 105

    (27) assignment -> TYPESTRING NAME EQUALS expressionStr SEMICOLON .

    COUT            reduce using rule 27 (assignment -> TYPESTRING NAME EQUALS expressionStr SEMICOLON .)
    CIN             reduce using rule 27 (assignment -> TYPESTRING NAME EQUALS expressionStr SEMICOLON .)
    NAME            reduce using rule 27 (assignment -> TYPESTRING NAME EQUALS expressionStr SEMICOLON .)
    TYPEINT         reduce using rule 27 (assignment -> TYPESTRING NAME EQUALS expressionStr SEMICOLON .)
    TYPESTRING      reduce using rule 27 (assignment -> TYPESTRING NAME EQUALS expressionStr SEMICOLON .)
    TYPEBOOL        reduce using rule 27 (assignment -> TYPESTRING NAME EQUALS expressionStr SEMICOLON .)
    IF              reduce using rule 27 (assignment -> TYPESTRING NAME EQUALS expressionStr SEMICOLON .)
    WHILE           reduce using rule 27 (assignment -> TYPESTRING NAME EQUALS expressionStr SEMICOLON .)
    RCURLY          reduce using rule 27 (assignment -> TYPESTRING NAME EQUALS expressionStr SEMICOLON .)



state 106

    (26) assignment -> TYPEINT NAME EQUALS expression SEMICOLON .

    COUT            reduce using rule 26 (assignment -> TYPEINT NAME EQUALS expression SEMICOLON .)
    CIN             reduce using rule 26 (assignment -> TYPEINT NAME EQUALS expression SEMICOLON .)
    NAME            reduce using rule 26 (assignment -> TYPEINT NAME EQUALS expression SEMICOLON .)
    TYPEINT         reduce using rule 26 (assignment -> TYPEINT NAME EQUALS expression SEMICOLON .)
    TYPESTRING      reduce using rule 26 (assignment -> TYPEINT NAME EQUALS expression SEMICOLON .)
    TYPEBOOL        reduce using rule 26 (assignment -> TYPEINT NAME EQUALS expression SEMICOLON .)
    IF              reduce using rule 26 (assignment -> TYPEINT NAME EQUALS expression SEMICOLON .)
    WHILE           reduce using rule 26 (assignment -> TYPEINT NAME EQUALS expression SEMICOLON .)
    RCURLY          reduce using rule 26 (assignment -> TYPEINT NAME EQUALS expression SEMICOLON .)



state 107

    (8) ifstart -> IF LPAREN expressionBool RPAREN LCURLY . code RCURLY elseIfstart
    (2) code -> . cinsomething code
    (3) code -> . coutsomething code
    (4) code -> . assignment code
    (5) code -> . ifstart code
    (6) code -> . whilestart code
    (13) code -> .
    (14) cinsomething -> . CIN cinContinue
    (17) coutsomething -> . COUT printable
    (23) assignment -> . NAME EQUALS expression SEMICOLON
    (24) assignment -> . NAME EQUALS expressionStr SEMICOLON
    (25) assignment -> . NAME EQUALS expressionBool SEMICOLON
    (26) assignment -> . TYPEINT NAME EQUALS expression SEMICOLON
    (27) assignment -> . TYPESTRING NAME EQUALS expressionStr SEMICOLON
    (28) assignment -> . TYPEBOOL NAME EQUALS expressionBool SEMICOLON
    (29) assignment -> . TYPEINT NAME SEMICOLON
    (30) assignment -> . TYPESTRING NAME SEMICOLON
    (31) assignment -> . TYPEBOOL NAME SEMICOLON
    (8) ifstart -> . IF LPAREN expressionBool RPAREN LCURLY code RCURLY elseIfstart
    (7) whilestart -> . WHILE LPAREN expressionBool RPAREN LCURLY code RCURLY

    RCURLY          reduce using rule 13 (code -> .)
    CIN             shift and go to state 10
    COUT            shift and go to state 9
    NAME            shift and go to state 19
    TYPEINT         shift and go to state 17
    TYPESTRING      shift and go to state 16
    TYPEBOOL        shift and go to state 12
    IF              shift and go to state 18
    WHILE           shift and go to state 13


    coutsomething                  shift and go to state 7
    code                           shift and go to state 109
    ifstart                        shift and go to state 14
    assignment                     shift and go to state 15
    whilestart                     shift and go to state 11
    cinsomething                   shift and go to state 20

state 108

    (7) whilestart -> WHILE LPAREN expressionBool RPAREN LCURLY code . RCURLY

    RCURLY          shift and go to state 110



state 109

    (8) ifstart -> IF LPAREN expressionBool RPAREN LCURLY code . RCURLY elseIfstart

    RCURLY          shift and go to state 111



state 110

    (7) whilestart -> WHILE LPAREN expressionBool RPAREN LCURLY code RCURLY .

    COUT            reduce using rule 7 (whilestart -> WHILE LPAREN expressionBool RPAREN LCURLY code RCURLY .)
    CIN             reduce using rule 7 (whilestart -> WHILE LPAREN expressionBool RPAREN LCURLY code RCURLY .)
    NAME            reduce using rule 7 (whilestart -> WHILE LPAREN expressionBool RPAREN LCURLY code RCURLY .)
    TYPEINT         reduce using rule 7 (whilestart -> WHILE LPAREN expressionBool RPAREN LCURLY code RCURLY .)
    TYPESTRING      reduce using rule 7 (whilestart -> WHILE LPAREN expressionBool RPAREN LCURLY code RCURLY .)
    TYPEBOOL        reduce using rule 7 (whilestart -> WHILE LPAREN expressionBool RPAREN LCURLY code RCURLY .)
    IF              reduce using rule 7 (whilestart -> WHILE LPAREN expressionBool RPAREN LCURLY code RCURLY .)
    WHILE           reduce using rule 7 (whilestart -> WHILE LPAREN expressionBool RPAREN LCURLY code RCURLY .)
    RCURLY          reduce using rule 7 (whilestart -> WHILE LPAREN expressionBool RPAREN LCURLY code RCURLY .)



state 111

    (8) ifstart -> IF LPAREN expressionBool RPAREN LCURLY code RCURLY . elseIfstart
    (9) elseIfstart -> . ELSEIF LPAREN expressionBool RPAREN LCURLY code RCURLY elseIfstart
    (10) elseIfstart -> . elsestart
    (11) elsestart -> . ELSE LCURLY code RCURLY
    (12) elsestart -> .

    ELSEIF          shift and go to state 114
    ELSE            shift and go to state 113
    COUT            reduce using rule 12 (elsestart -> .)
    CIN             reduce using rule 12 (elsestart -> .)
    NAME            reduce using rule 12 (elsestart -> .)
    TYPEINT         reduce using rule 12 (elsestart -> .)
    TYPESTRING      reduce using rule 12 (elsestart -> .)
    TYPEBOOL        reduce using rule 12 (elsestart -> .)
    IF              reduce using rule 12 (elsestart -> .)
    WHILE           reduce using rule 12 (elsestart -> .)
    RCURLY          reduce using rule 12 (elsestart -> .)


    elsestart                      shift and go to state 112
    elseIfstart                    shift and go to state 115

state 112

    (10) elseIfstart -> elsestart .

    COUT            reduce using rule 10 (elseIfstart -> elsestart .)
    CIN             reduce using rule 10 (elseIfstart -> elsestart .)
    NAME            reduce using rule 10 (elseIfstart -> elsestart .)
    TYPEINT         reduce using rule 10 (elseIfstart -> elsestart .)
    TYPESTRING      reduce using rule 10 (elseIfstart -> elsestart .)
    TYPEBOOL        reduce using rule 10 (elseIfstart -> elsestart .)
    IF              reduce using rule 10 (elseIfstart -> elsestart .)
    WHILE           reduce using rule 10 (elseIfstart -> elsestart .)
    RCURLY          reduce using rule 10 (elseIfstart -> elsestart .)



state 113

    (11) elsestart -> ELSE . LCURLY code RCURLY

    LCURLY          shift and go to state 116



state 114

    (9) elseIfstart -> ELSEIF . LPAREN expressionBool RPAREN LCURLY code RCURLY elseIfstart

    LPAREN          shift and go to state 117



state 115

    (8) ifstart -> IF LPAREN expressionBool RPAREN LCURLY code RCURLY elseIfstart .

    COUT            reduce using rule 8 (ifstart -> IF LPAREN expressionBool RPAREN LCURLY code RCURLY elseIfstart .)
    CIN             reduce using rule 8 (ifstart -> IF LPAREN expressionBool RPAREN LCURLY code RCURLY elseIfstart .)
    NAME            reduce using rule 8 (ifstart -> IF LPAREN expressionBool RPAREN LCURLY code RCURLY elseIfstart .)
    TYPEINT         reduce using rule 8 (ifstart -> IF LPAREN expressionBool RPAREN LCURLY code RCURLY elseIfstart .)
    TYPESTRING      reduce using rule 8 (ifstart -> IF LPAREN expressionBool RPAREN LCURLY code RCURLY elseIfstart .)
    TYPEBOOL        reduce using rule 8 (ifstart -> IF LPAREN expressionBool RPAREN LCURLY code RCURLY elseIfstart .)
    IF              reduce using rule 8 (ifstart -> IF LPAREN expressionBool RPAREN LCURLY code RCURLY elseIfstart .)
    WHILE           reduce using rule 8 (ifstart -> IF LPAREN expressionBool RPAREN LCURLY code RCURLY elseIfstart .)
    RCURLY          reduce using rule 8 (ifstart -> IF LPAREN expressionBool RPAREN LCURLY code RCURLY elseIfstart .)



state 116

    (11) elsestart -> ELSE LCURLY . code RCURLY
    (2) code -> . cinsomething code
    (3) code -> . coutsomething code
    (4) code -> . assignment code
    (5) code -> . ifstart code
    (6) code -> . whilestart code
    (13) code -> .
    (14) cinsomething -> . CIN cinContinue
    (17) coutsomething -> . COUT printable
    (23) assignment -> . NAME EQUALS expression SEMICOLON
    (24) assignment -> . NAME EQUALS expressionStr SEMICOLON
    (25) assignment -> . NAME EQUALS expressionBool SEMICOLON
    (26) assignment -> . TYPEINT NAME EQUALS expression SEMICOLON
    (27) assignment -> . TYPESTRING NAME EQUALS expressionStr SEMICOLON
    (28) assignment -> . TYPEBOOL NAME EQUALS expressionBool SEMICOLON
    (29) assignment -> . TYPEINT NAME SEMICOLON
    (30) assignment -> . TYPESTRING NAME SEMICOLON
    (31) assignment -> . TYPEBOOL NAME SEMICOLON
    (8) ifstart -> . IF LPAREN expressionBool RPAREN LCURLY code RCURLY elseIfstart
    (7) whilestart -> . WHILE LPAREN expressionBool RPAREN LCURLY code RCURLY

    RCURLY          reduce using rule 13 (code -> .)
    CIN             shift and go to state 10
    COUT            shift and go to state 9
    NAME            shift and go to state 19
    TYPEINT         shift and go to state 17
    TYPESTRING      shift and go to state 16
    TYPEBOOL        shift and go to state 12
    IF              shift and go to state 18
    WHILE           shift and go to state 13


    coutsomething                  shift and go to state 7
    code                           shift and go to state 118
    ifstart                        shift and go to state 14
    assignment                     shift and go to state 15
    whilestart                     shift and go to state 11
    cinsomething                   shift and go to state 20

state 117

    (9) elseIfstart -> ELSEIF LPAREN . expressionBool RPAREN LCURLY code RCURLY elseIfstart
    (39) expressionBool -> . BOOL
    (43) expressionBool -> . expression BINARY expression
    (44) expressionBool -> . expressionBool ANDOR expressionBool
    (45) expressionBool -> . LPAREN expressionBool RPAREN
    (32) expression -> . expression PLUS expression
    (33) expression -> . expression MINUS expression
    (34) expression -> . expression TIMES expression
    (35) expression -> . expression DIVIDE expression
    (36) expression -> . NUMBER
    (37) expression -> . NAME
    (40) expression -> . LPAREN expression RPAREN
    (46) expression -> . MINUS expression

    BOOL            shift and go to state 43
    LPAREN          shift and go to state 52
    NUMBER          shift and go to state 41
    NAME            shift and go to state 51
    MINUS           shift and go to state 42


    expression                     shift and go to state 54
    expressionBool                 shift and go to state 119

state 118

    (11) elsestart -> ELSE LCURLY code . RCURLY

    RCURLY          shift and go to state 120



state 119

    (9) elseIfstart -> ELSEIF LPAREN expressionBool . RPAREN LCURLY code RCURLY elseIfstart
    (44) expressionBool -> expressionBool . ANDOR expressionBool

    RPAREN          shift and go to state 121
    ANDOR           shift and go to state 64



state 120

    (11) elsestart -> ELSE LCURLY code RCURLY .

    COUT            reduce using rule 11 (elsestart -> ELSE LCURLY code RCURLY .)
    CIN             reduce using rule 11 (elsestart -> ELSE LCURLY code RCURLY .)
    NAME            reduce using rule 11 (elsestart -> ELSE LCURLY code RCURLY .)
    TYPEINT         reduce using rule 11 (elsestart -> ELSE LCURLY code RCURLY .)
    TYPESTRING      reduce using rule 11 (elsestart -> ELSE LCURLY code RCURLY .)
    TYPEBOOL        reduce using rule 11 (elsestart -> ELSE LCURLY code RCURLY .)
    IF              reduce using rule 11 (elsestart -> ELSE LCURLY code RCURLY .)
    WHILE           reduce using rule 11 (elsestart -> ELSE LCURLY code RCURLY .)
    RCURLY          reduce using rule 11 (elsestart -> ELSE LCURLY code RCURLY .)



state 121

    (9) elseIfstart -> ELSEIF LPAREN expressionBool RPAREN . LCURLY code RCURLY elseIfstart

    LCURLY          shift and go to state 122



state 122

    (9) elseIfstart -> ELSEIF LPAREN expressionBool RPAREN LCURLY . code RCURLY elseIfstart
    (2) code -> . cinsomething code
    (3) code -> . coutsomething code
    (4) code -> . assignment code
    (5) code -> . ifstart code
    (6) code -> . whilestart code
    (13) code -> .
    (14) cinsomething -> . CIN cinContinue
    (17) coutsomething -> . COUT printable
    (23) assignment -> . NAME EQUALS expression SEMICOLON
    (24) assignment -> . NAME EQUALS expressionStr SEMICOLON
    (25) assignment -> . NAME EQUALS expressionBool SEMICOLON
    (26) assignment -> . TYPEINT NAME EQUALS expression SEMICOLON
    (27) assignment -> . TYPESTRING NAME EQUALS expressionStr SEMICOLON
    (28) assignment -> . TYPEBOOL NAME EQUALS expressionBool SEMICOLON
    (29) assignment -> . TYPEINT NAME SEMICOLON
    (30) assignment -> . TYPESTRING NAME SEMICOLON
    (31) assignment -> . TYPEBOOL NAME SEMICOLON
    (8) ifstart -> . IF LPAREN expressionBool RPAREN LCURLY code RCURLY elseIfstart
    (7) whilestart -> . WHILE LPAREN expressionBool RPAREN LCURLY code RCURLY

    RCURLY          reduce using rule 13 (code -> .)
    CIN             shift and go to state 10
    COUT            shift and go to state 9
    NAME            shift and go to state 19
    TYPEINT         shift and go to state 17
    TYPESTRING      shift and go to state 16
    TYPEBOOL        shift and go to state 12
    IF              shift and go to state 18
    WHILE           shift and go to state 13


    coutsomething                  shift and go to state 7
    code                           shift and go to state 123
    ifstart                        shift and go to state 14
    assignment                     shift and go to state 15
    whilestart                     shift and go to state 11
    cinsomething                   shift and go to state 20

state 123

    (9) elseIfstart -> ELSEIF LPAREN expressionBool RPAREN LCURLY code . RCURLY elseIfstart

    RCURLY          shift and go to state 124



state 124

    (9) elseIfstart -> ELSEIF LPAREN expressionBool RPAREN LCURLY code RCURLY . elseIfstart
    (9) elseIfstart -> . ELSEIF LPAREN expressionBool RPAREN LCURLY code RCURLY elseIfstart
    (10) elseIfstart -> . elsestart
    (11) elsestart -> . ELSE LCURLY code RCURLY
    (12) elsestart -> .

    ELSEIF          shift and go to state 114
    ELSE            shift and go to state 113
    COUT            reduce using rule 12 (elsestart -> .)
    CIN             reduce using rule 12 (elsestart -> .)
    NAME            reduce using rule 12 (elsestart -> .)
    TYPEINT         reduce using rule 12 (elsestart -> .)
    TYPESTRING      reduce using rule 12 (elsestart -> .)
    TYPEBOOL        reduce using rule 12 (elsestart -> .)
    IF              reduce using rule 12 (elsestart -> .)
    WHILE           reduce using rule 12 (elsestart -> .)
    RCURLY          reduce using rule 12 (elsestart -> .)


    elsestart                      shift and go to state 112
    elseIfstart                    shift and go to state 125

state 125

    (9) elseIfstart -> ELSEIF LPAREN expressionBool RPAREN LCURLY code RCURLY elseIfstart .

    COUT            reduce using rule 9 (elseIfstart -> ELSEIF LPAREN expressionBool RPAREN LCURLY code RCURLY elseIfstart .)
    CIN             reduce using rule 9 (elseIfstart -> ELSEIF LPAREN expressionBool RPAREN LCURLY code RCURLY elseIfstart .)
    NAME            reduce using rule 9 (elseIfstart -> ELSEIF LPAREN expressionBool RPAREN LCURLY code RCURLY elseIfstart .)
    TYPEINT         reduce using rule 9 (elseIfstart -> ELSEIF LPAREN expressionBool RPAREN LCURLY code RCURLY elseIfstart .)
    TYPESTRING      reduce using rule 9 (elseIfstart -> ELSEIF LPAREN expressionBool RPAREN LCURLY code RCURLY elseIfstart .)
    TYPEBOOL        reduce using rule 9 (elseIfstart -> ELSEIF LPAREN expressionBool RPAREN LCURLY code RCURLY elseIfstart .)
    IF              reduce using rule 9 (elseIfstart -> ELSEIF LPAREN expressionBool RPAREN LCURLY code RCURLY elseIfstart .)
    WHILE           reduce using rule 9 (elseIfstart -> ELSEIF LPAREN expressionBool RPAREN LCURLY code RCURLY elseIfstart .)
    RCURLY          reduce using rule 9 (elseIfstart -> ELSEIF LPAREN expressionBool RPAREN LCURLY code RCURLY elseIfstart .)


